<?xml version="1.0" encoding="UTF-8"?>
<testsuites name="Mocha Tests" time="71.2380" tests="6" failures="0">
  <testsuite name="Root Suite" timestamp="2021-05-07T12:24:23" tests="0" file="cypress/integration/files-modify.spec.js" time="0.0000" failures="0">
  </testsuite>
  <testsuite name="Actions" timestamp="2021-05-07T12:24:23" tests="6" time="71.2380" failures="0">
    <testcase name="Actions should add a ricket_consult" time="16.4630" classname="should add a ricket_consult">
    </testcase>
    <testcase name="Actions should add an other_consult" time="11.6280" classname="should add an other_consult">
    </testcase>
    <testcase name="Actions should add a clubfoot" time="12.3850" classname="should add a clubfoot">
    </testcase>
    <testcase name="Actions should add a surgery" time="10.1290" classname="should add a surgery">
    </testcase>
    <testcase name="Actions should add a picture" time="11.4170" classname="should add a picture">
    </testcase>
    <testcase name="Actions should add an appointment" time="9.2160" classname="should add an appointment">
    </testcase>
  </testsuite>
</testsuites>